<?xml version="1.0" encoding="UTF-8"?>
<!-- Generated by org.testng.reporters.JUnitReportReporter -->
<testsuite hostname="DESKTOP-PT7ORMM" failures="0" tests="1" name="spotify.oauth2.tests.PlaylistTests" time="1.928" errors="0" timestamp="14 Mar 2022 07:10:09 GMT" skipped="0">
  <testcase classname="spotify.oauth2.tests.PlaylistTests" name="shouldNotBeAbleToCreatePlayListWithIncorrectToken" time="1.928"/>
</testsuite> <!-- spotify.oauth2.tests.PlaylistTests -->
