<?xml version="1.0" encoding="UTF-8"?>
<!-- Generated by org.testng.reporters.JUnitReportReporter -->
<testsuite hostname="DESKTOP-PT7ORMM" failures="0" tests="5" name="com.spotify.oauth2.tests.PlaylistTests" time="5.272" errors="0" timestamp="16 Mar 2022 04:19:34 GMT" skipped="0">
  <testcase classname="com.spotify.oauth2.tests.PlaylistTests" name="shouldNotBeAbleToCreatePlayListWithoutName" time="0.219"/>
  <testcase classname="com.spotify.oauth2.tests.PlaylistTests" name="shouldBeAbleToUpdateAPlayList" time="0.391"/>
  <testcase classname="com.spotify.oauth2.tests.PlaylistTests" name="shouldBeAbleToCreatePlayList" time="4.143"/>
  <testcase classname="com.spotify.oauth2.tests.PlaylistTests" name="shouldBeAbleToGetPlayList" time="0.297"/>
  <testcase classname="com.spotify.oauth2.tests.PlaylistTests" name="shouldNotBeAbleToCreatePlayListWithIncorrectToken" time="0.222"/>
</testsuite> <!-- com.spotify.oauth2.tests.PlaylistTests -->
